\BOOKMARK [0][-]{chapter.1}{\376\377\000C\000o\000n\000t\000e\000n\000t\000s\000:}{}% 1
\BOOKMARK [1][-]{section.1.1}{\376\377\000c\000o\000n\000c\000e\000p\000t\000\137\000m\000a\000p\000\040\000m\000o\000d\000u\000l\000e}{chapter.1}% 2
\BOOKMARK [1][-]{section.1.2}{\376\377\000c\000o\000n\000s\000u\000m\000e\000r\000\040\000m\000o\000d\000u\000l\000e}{chapter.1}% 3
\BOOKMARK [1][-]{section.1.3}{\376\377\000e\000d\000g\000e\000\040\000m\000o\000d\000u\000l\000e}{chapter.1}% 4
\BOOKMARK [1][-]{section.1.4}{\376\377\000f\000l\000a\000s\000h\000c\000a\000r\000d\000\040\000m\000o\000d\000u\000l\000e}{chapter.1}% 5
\BOOKMARK [1][-]{section.1.5}{\376\377\000f\000l\000a\000s\000h\000c\000a\000r\000d\000\137\000i\000n\000s\000t\000a\000n\000c\000e\000\040\000m\000o\000d\000u\000l\000e}{chapter.1}% 6
\BOOKMARK [1][-]{section.1.6}{\376\377\000f\000l\000a\000s\000h\000m\000a\000p\000\137\000i\000n\000s\000t\000a\000n\000c\000e\000\040\000m\000o\000d\000u\000l\000e}{chapter.1}% 7
\BOOKMARK [1][-]{section.1.7}{\376\377\000h\000a\000n\000d\000l\000e\000r\000\040\000m\000o\000d\000u\000l\000e}{chapter.1}% 8
\BOOKMARK [1][-]{section.1.8}{\376\377\000i\000n\000s\000t\000a\000n\000c\000e\000\040\000m\000o\000d\000u\000l\000e}{chapter.1}% 9
\BOOKMARK [1][-]{section.1.9}{\376\377\000l\000o\000g\000e\000n\000t\000r\000y\000\040\000m\000o\000d\000u\000l\000e}{chapter.1}% 10
\BOOKMARK [1][-]{section.1.10}{\376\377\000n\000o\000d\000e\000\040\000m\000o\000d\000u\000l\000e}{chapter.1}% 11
\BOOKMARK [1][-]{section.1.11}{\376\377\000q\000u\000e\000s\000t\000i\000o\000n\000n\000a\000i\000r\000e\000\040\000m\000o\000d\000u\000l\000e}{chapter.1}% 12
\BOOKMARK [1][-]{section.1.12}{\376\377\000q\000u\000e\000s\000t\000i\000o\000n\000n\000a\000i\000r\000e\000\137\000i\000t\000e\000m\000\040\000m\000o\000d\000u\000l\000e}{chapter.1}% 13
\BOOKMARK [1][-]{section.1.13}{\376\377\000q\000u\000e\000s\000t\000i\000o\000n\000n\000a\000i\000r\000e\000\137\000r\000e\000s\000p\000o\000n\000s\000e\000\040\000m\000o\000d\000u\000l\000e}{chapter.1}% 14
\BOOKMARK [1][-]{section.1.14}{\376\377\000r\000e\000s\000p\000o\000n\000s\000e\000\040\000m\000o\000d\000u\000l\000e}{chapter.1}% 15
\BOOKMARK [1][-]{section.1.15}{\376\377\000s\000e\000s\000s\000i\000o\000n\000\040\000m\000o\000d\000u\000l\000e}{chapter.1}% 16
\BOOKMARK [1][-]{section.1.16}{\376\377\000t\000e\000s\000t\000\040\000m\000o\000d\000u\000l\000e}{chapter.1}% 17
\BOOKMARK [1][-]{section.1.17}{\376\377\000t\000e\000s\000t\000\137\000f\000l\000a\000s\000h\000c\000a\000r\000d\000\137\000r\000e\000s\000p\000o\000n\000s\000e\000\040\000m\000o\000d\000u\000l\000e}{chapter.1}% 18
\BOOKMARK [1][-]{section.1.18}{\376\377\000t\000e\000s\000t\000\137\000i\000t\000e\000m\000\040\000m\000o\000d\000u\000l\000e}{chapter.1}% 19
\BOOKMARK [1][-]{section.1.19}{\376\377\000t\000e\000s\000t\000\137\000i\000t\000e\000m\000\137\000r\000e\000s\000p\000o\000n\000s\000e\000\040\000m\000o\000d\000u\000l\000e}{chapter.1}% 20
\BOOKMARK [1][-]{section.1.20}{\376\377\000u\000s\000e\000r\000\040\000m\000o\000d\000u\000l\000e}{chapter.1}% 21
\BOOKMARK [0][-]{chapter.2}{\376\377\000I\000n\000d\000i\000c\000e\000s\000\040\000a\000n\000d\000\040\000t\000a\000b\000l\000e\000s}{}% 22
\BOOKMARK [0][-]{section*.62}{\376\377\000P\000y\000t\000h\000o\000n\000\040\000M\000o\000d\000u\000l\000e\000\040\000I\000n\000d\000e\000x}{}% 23
