\BOOKMARK [2][-]{section*.1}{\376\377\000D\000e\000s\000c\000r\000i\000p\000t\000i\000v\000e\000s}{}% 1
\BOOKMARK [3][-]{section*.2}{\376\377\000N\000u\000m\000b\000e\000r\000\040\000o\000f\000\040\000r\000e\000s\000p\000o\000n\000s\000e\000s}{section*.1}% 2
\BOOKMARK [3][-]{section*.6}{\376\377\000P\000e\000r\000c\000e\000n\000t\000a\000g\000e\000\040\000o\000f\000\040\000r\000e\000s\000p\000o\000n\000s\000e\000s\000\040\000m\000a\000r\000k\000e\000d\000\040\000a\000s\000\040\000c\000o\000r\000r\000e\000c\000t}{section*.1}% 3
\BOOKMARK [3][-]{section*.10}{\376\377\000A\000m\000o\000u\000n\000t\000\040\000o\000f\000\040\000t\000i\000m\000e\000\040\000s\000p\000e\000n\000t\000\040\000o\000n\000\040\000t\000h\000e\000\040\000a\000p\000p\000l\000i\000c\000a\000t\000i\000o\000n}{section*.1}% 4
\BOOKMARK [2][-]{section*.14}{\376\377\000C\000o\000m\000p\000a\000r\000i\000s\000o\000n\000s}{}% 5
\BOOKMARK [3][-]{section*.15}{\376\377\000N\000u\000m\000b\000e\000r\000\040\000o\000f\000\040\000r\000e\000s\000p\000o\000n\000s\000e\000s}{section*.14}% 6
\BOOKMARK [3][-]{section*.16}{\376\377\000P\000e\000r\000c\000e\000n\000t\000a\000g\000e\000\040\000o\000f\000\040\000r\000e\000s\000p\000o\000n\000s\000e\000s\000\040\000m\000a\000r\000k\000e\000d\000\040\000a\000s\000\040\000c\000o\000r\000r\000e\000c\000t}{section*.14}% 7
\BOOKMARK [3][-]{section*.17}{\376\377\000A\000m\000o\000u\000n\000t\000\040\000o\000f\000\040\000t\000i\000m\000e\000\040\000s\000p\000e\000n\000t\000\040\000o\000n\000\040\000t\000h\000e\000\040\000a\000p\000p\000l\000i\000c\000a\000t\000i\000o\000n}{section*.14}% 8
\BOOKMARK [2][-]{section*.18}{\376\377\000D\000e\000s\000c\000r\000i\000p\000t\000i\000v\000e\000s}{}% 9
\BOOKMARK [3][-]{section*.19}{\376\377\000K\000n\000o\000w\000l\000e\000d\000g\000e\000\040\000q\000u\000e\000s\000t\000i\000o\000n\000s}{section*.18}% 10
\BOOKMARK [3][-]{section*.23}{\376\377\000C\000o\000m\000p\000r\000e\000h\000e\000n\000s\000i\000o\000n\000\040\000q\000u\000e\000s\000t\000i\000o\000n\000s}{section*.18}% 11
\BOOKMARK [3][-]{section*.25}{\376\377\000F\000l\000a\000s\000h\000m\000a\000p\000\040\000c\000o\000n\000d\000i\000t\000i\000o\000n\000s}{section*.18}% 12
\BOOKMARK [3][-]{section*.26}{\376\377\000G\000e\000n\000e\000r\000a\000l}{section*.18}% 13
\BOOKMARK [2][-]{section*.27}{\376\377\000C\000o\000m\000p\000a\000r\000i\000s\000o\000n\000s}{}% 14
\BOOKMARK [3][-]{section*.28}{\376\377\000K\000n\000o\000w\000l\000e\000d\000g\000e\000\040\000q\000u\000e\000s\000t\000i\000o\000n\000s}{section*.27}% 15
\BOOKMARK [3][-]{section*.37}{\376\377\000C\000o\000m\000p\000r\000e\000h\000e\000n\000s\000i\000o\000n\000\040\000q\000u\000e\000s\000t\000i\000o\000n\000s}{section*.27}% 16
\BOOKMARK [2][-]{section*.46}{\376\377\000D\000e\000s\000c\000r\000i\000p\000t\000i\000v\000e\000s}{}% 17
\BOOKMARK [3][-]{section*.47}{\376\377\000U\000s\000e\000f\000u\000l\000n\000e\000s\000s}{section*.46}% 18
\BOOKMARK [3][-]{section*.51}{\376\377\000E\000a\000s\000e\000\040\000o\000f\000\040\000u\000s\000e}{section*.46}% 19
\BOOKMARK [2][-]{section*.55}{\376\377\000C\000o\000m\000p\000a\000r\000i\000s\000o\000n\000s}{}% 20
\BOOKMARK [3][-]{section*.56}{\376\377\000P\000e\000r\000c\000e\000i\000v\000e\000d\000\040\000u\000s\000e\000f\000u\000l\000n\000e\000s\000s\000\040\000q\000u\000e\000s\000t\000i\000o\000n\000s}{section*.55}% 21
\BOOKMARK [3][-]{section*.57}{\376\377\000P\000e\000r\000c\000e\000i\000v\000e\000d\000\040\000e\000a\000s\000e\000\040\000o\000f\000\040\000u\000s\000e\000\040\000q\000u\000e\000s\000t\000i\000o\000n\000s}{section*.55}% 22
