This is pdfTeX, Version 3.1415926-2.5-1.40.14 (TeX Live 2013/Debian) (format=pdflatex 2016.1.26)  23 MAY 2017 16:18
entering extended mode
 restricted \write18 enabled.
 %&-line parsing enabled.
**stats.tex
(./stats.tex
LaTeX2e <2011/06/27>
Babel <3.9h> and hyphenation patterns for 78 languages loaded.
(/usr/share/texlive/texmf-dist/tex/latex/base/article.cls
Document Class: article 2007/10/19 v1.4h Standard LaTeX document class
(/usr/share/texlive/texmf-dist/tex/latex/base/size10.clo
File: size10.clo 2007/10/19 v1.4h Standard LaTeX file (size option)
)
\c@part=\count79
\c@section=\count80
\c@subsection=\count81
\c@subsubsection=\count82
\c@paragraph=\count83
\c@subparagraph=\count84
\c@figure=\count85
\c@table=\count86
\abovecaptionskip=\skip41
\belowcaptionskip=\skip42
\bibindent=\dimen102
)
(/usr/share/texlive/texmf-dist/tex/latex/base/fontenc.sty
Package: fontenc 2005/09/27 v1.99g Standard LaTeX package

(/usr/share/texlive/texmf-dist/tex/latex/base/t1enc.def
File: t1enc.def 2005/09/27 v1.99g Standard LaTeX file
LaTeX Font Info:    Redeclaring font encoding T1 on input line 43.
))
(/usr/share/texlive/texmf-dist/tex/latex/placeins/placeins.sty
Package: placeins 2005/04/18  v 2.2
)
(/usr/share/texmf/tex/latex/lm/lmodern.sty
Package: lmodern 2009/10/30 v1.6 Latin Modern Fonts
LaTeX Font Info:    Overwriting symbol font `operators' in version `normal'
(Font)                  OT1/cmr/m/n --> OT1/lmr/m/n on input line 22.
LaTeX Font Info:    Overwriting symbol font `letters' in version `normal'
(Font)                  OML/cmm/m/it --> OML/lmm/m/it on input line 23.
LaTeX Font Info:    Overwriting symbol font `symbols' in version `normal'
(Font)                  OMS/cmsy/m/n --> OMS/lmsy/m/n on input line 24.
LaTeX Font Info:    Overwriting symbol font `largesymbols' in version `normal'
(Font)                  OMX/cmex/m/n --> OMX/lmex/m/n on input line 25.
LaTeX Font Info:    Overwriting symbol font `operators' in version `bold'
(Font)                  OT1/cmr/bx/n --> OT1/lmr/bx/n on input line 26.
LaTeX Font Info:    Overwriting symbol font `letters' in version `bold'
(Font)                  OML/cmm/b/it --> OML/lmm/b/it on input line 27.
LaTeX Font Info:    Overwriting symbol font `symbols' in version `bold'
(Font)                  OMS/cmsy/b/n --> OMS/lmsy/b/n on input line 28.
LaTeX Font Info:    Overwriting symbol font `largesymbols' in version `bold'
(Font)                  OMX/cmex/m/n --> OMX/lmex/m/n on input line 29.
LaTeX Font Info:    Overwriting math alphabet `\mathbf' in version `normal'
(Font)                  OT1/cmr/bx/n --> OT1/lmr/bx/n on input line 31.
LaTeX Font Info:    Overwriting math alphabet `\mathsf' in version `normal'
(Font)                  OT1/cmss/m/n --> OT1/lmss/m/n on input line 32.
LaTeX Font Info:    Overwriting math alphabet `\mathit' in version `normal'
(Font)                  OT1/cmr/m/it --> OT1/lmr/m/it on input line 33.
LaTeX Font Info:    Overwriting math alphabet `\mathtt' in version `normal'
(Font)                  OT1/cmtt/m/n --> OT1/lmtt/m/n on input line 34.
LaTeX Font Info:    Overwriting math alphabet `\mathbf' in version `bold'
(Font)                  OT1/cmr/bx/n --> OT1/lmr/bx/n on input line 35.
LaTeX Font Info:    Overwriting math alphabet `\mathsf' in version `bold'
(Font)                  OT1/cmss/bx/n --> OT1/lmss/bx/n on input line 36.
LaTeX Font Info:    Overwriting math alphabet `\mathit' in version `bold'
(Font)                  OT1/cmr/bx/it --> OT1/lmr/bx/it on input line 37.
LaTeX Font Info:    Overwriting math alphabet `\mathtt' in version `bold'
(Font)                  OT1/cmtt/m/n --> OT1/lmtt/m/n on input line 38.
)
(/usr/share/texlive/texmf-dist/tex/latex/amsfonts/amssymb.sty
Package: amssymb 2013/01/14 v3.01 AMS font symbols

(/usr/share/texlive/texmf-dist/tex/latex/amsfonts/amsfonts.sty
Package: amsfonts 2013/01/14 v3.01 Basic AMSFonts support
\@emptytoks=\toks14
\symAMSa=\mathgroup4
\symAMSb=\mathgroup5
LaTeX Font Info:    Overwriting math alphabet `\mathfrak' in version `bold'
(Font)                  U/euf/m/n --> U/euf/b/n on input line 106.
))
(/usr/share/texlive/texmf-dist/tex/latex/amsmath/amsmath.sty
Package: amsmath 2013/01/14 v2.14 AMS math features
\@mathmargin=\skip43

For additional information on amsmath, use the `?' option.
(/usr/share/texlive/texmf-dist/tex/latex/amsmath/amstext.sty
Package: amstext 2000/06/29 v2.01

(/usr/share/texlive/texmf-dist/tex/latex/amsmath/amsgen.sty
File: amsgen.sty 1999/11/30 v2.0
\@emptytoks=\toks15
\ex@=\dimen103
))
(/usr/share/texlive/texmf-dist/tex/latex/amsmath/amsbsy.sty
Package: amsbsy 1999/11/29 v1.2d
\pmbraise@=\dimen104
)
(/usr/share/texlive/texmf-dist/tex/latex/amsmath/amsopn.sty
Package: amsopn 1999/12/14 v2.01 operator names
)
\inf@bad=\count87
LaTeX Info: Redefining \frac on input line 210.
\uproot@=\count88
\leftroot@=\count89
LaTeX Info: Redefining \overline on input line 306.
\classnum@=\count90
\DOTSCASE@=\count91
LaTeX Info: Redefining \ldots on input line 378.
LaTeX Info: Redefining \dots on input line 381.
LaTeX Info: Redefining \cdots on input line 466.
\Mathstrutbox@=\box26
\strutbox@=\box27
\big@size=\dimen105
LaTeX Font Info:    Redeclaring font encoding OML on input line 566.
LaTeX Font Info:    Redeclaring font encoding OMS on input line 567.
\macc@depth=\count92
\c@MaxMatrixCols=\count93
\dotsspace@=\muskip10
\c@parentequation=\count94
\dspbrk@lvl=\count95
\tag@help=\toks16
\row@=\count96
\column@=\count97
\maxfields@=\count98
\andhelp@=\toks17
\eqnshift@=\dimen106
\alignsep@=\dimen107
\tagshift@=\dimen108
\tagwidth@=\dimen109
\totwidth@=\dimen110
\lineht@=\dimen111
\@envbody=\toks18
\multlinegap=\skip44
\multlinetaggap=\skip45
\mathdisplay@stack=\toks19
LaTeX Info: Redefining \[ on input line 2665.
LaTeX Info: Redefining \] on input line 2666.
)
(/usr/share/texlive/texmf-dist/tex/generic/ifxetex/ifxetex.sty
Package: ifxetex 2010/09/12 v0.6 Provides ifxetex conditional
)
(/usr/share/texlive/texmf-dist/tex/generic/oberdiek/ifluatex.sty
Package: ifluatex 2010/03/01 v1.3 Provides the ifluatex switch (HO)
Package ifluatex Info: LuaTeX not detected.
)
(/usr/share/texlive/texmf-dist/tex/latex/base/fixltx2e.sty
Package: fixltx2e 2006/09/13 v1.1m fixes to LaTeX
LaTeX Info: Redefining \em on input line 420.
LaTeX Info: The control sequence `\[' is already robust on input line 471.
LaTeX Info: The control sequence `\]' is already robust on input line 472.
)
(/usr/share/texlive/texmf-dist/tex/latex/upquote/upquote.sty
Package: upquote 2012/04/19 v1.3 upright-quote and grave-accent glyphs in verba
tim

(/usr/share/texlive/texmf-dist/tex/latex/base/textcomp.sty
Package: textcomp 2005/09/27 v1.99g Standard LaTeX package
Package textcomp Info: Sub-encoding information:
(textcomp)               5 = only ISO-Adobe without \textcurrency
(textcomp)               4 = 5 + \texteuro
(textcomp)               3 = 4 + \textohm
(textcomp)               2 = 3 + \textestimated + \textcurrency
(textcomp)               1 = TS1 - \textcircled - \t
(textcomp)               0 = TS1 (full)
(textcomp)             Font families with sub-encoding setting implement
(textcomp)             only a restricted character set as indicated.
(textcomp)             Family '?' is the default used for unknown fonts.
(textcomp)             See the documentation for details.
Package textcomp Info: Setting ? sub-encoding to TS1/1 on input line 71.

(/usr/share/texlive/texmf-dist/tex/latex/base/ts1enc.def
File: ts1enc.def 2001/06/05 v3.0e (jk/car/fm) Standard LaTeX file
)
LaTeX Info: Redefining \oldstylenums on input line 266.
Package textcomp Info: Setting cmr sub-encoding to TS1/0 on input line 281.
Package textcomp Info: Setting cmss sub-encoding to TS1/0 on input line 282.
Package textcomp Info: Setting cmtt sub-encoding to TS1/0 on input line 283.
Package textcomp Info: Setting cmvtt sub-encoding to TS1/0 on input line 284.
Package textcomp Info: Setting cmbr sub-encoding to TS1/0 on input line 285.
Package textcomp Info: Setting cmtl sub-encoding to TS1/0 on input line 286.
Package textcomp Info: Setting ccr sub-encoding to TS1/0 on input line 287.
Package textcomp Info: Setting ptm sub-encoding to TS1/4 on input line 288.
Package textcomp Info: Setting pcr sub-encoding to TS1/4 on input line 289.
Package textcomp Info: Setting phv sub-encoding to TS1/4 on input line 290.
Package textcomp Info: Setting ppl sub-encoding to TS1/3 on input line 291.
Package textcomp Info: Setting pag sub-encoding to TS1/4 on input line 292.
Package textcomp Info: Setting pbk sub-encoding to TS1/4 on input line 293.
Package textcomp Info: Setting pnc sub-encoding to TS1/4 on input line 294.
Package textcomp Info: Setting pzc sub-encoding to TS1/4 on input line 295.
Package textcomp Info: Setting bch sub-encoding to TS1/4 on input line 296.
Package textcomp Info: Setting put sub-encoding to TS1/5 on input line 297.
Package textcomp Info: Setting uag sub-encoding to TS1/5 on input line 298.
Package textcomp Info: Setting ugq sub-encoding to TS1/5 on input line 299.
Package textcomp Info: Setting ul8 sub-encoding to TS1/4 on input line 300.
Package textcomp Info: Setting ul9 sub-encoding to TS1/4 on input line 301.
Package textcomp Info: Setting augie sub-encoding to TS1/5 on input line 302.
Package textcomp Info: Setting dayrom sub-encoding to TS1/3 on input line 303.
Package textcomp Info: Setting dayroms sub-encoding to TS1/3 on input line 304.

Package textcomp Info: Setting pxr sub-encoding to TS1/0 on input line 305.
Package textcomp Info: Setting pxss sub-encoding to TS1/0 on input line 306.
Package textcomp Info: Setting pxtt sub-encoding to TS1/0 on input line 307.
Package textcomp Info: Setting txr sub-encoding to TS1/0 on input line 308.
Package textcomp Info: Setting txss sub-encoding to TS1/0 on input line 309.
Package textcomp Info: Setting txtt sub-encoding to TS1/0 on input line 310.
Package textcomp Info: Setting lmr sub-encoding to TS1/0 on input line 311.
Package textcomp Info: Setting lmdh sub-encoding to TS1/0 on input line 312.
Package textcomp Info: Setting lmss sub-encoding to TS1/0 on input line 313.
Package textcomp Info: Setting lmssq sub-encoding to TS1/0 on input line 314.
Package textcomp Info: Setting lmvtt sub-encoding to TS1/0 on input line 315.
Package textcomp Info: Setting qhv sub-encoding to TS1/0 on input line 316.
Package textcomp Info: Setting qag sub-encoding to TS1/0 on input line 317.
Package textcomp Info: Setting qbk sub-encoding to TS1/0 on input line 318.
Package textcomp Info: Setting qcr sub-encoding to TS1/0 on input line 319.
Package textcomp Info: Setting qcs sub-encoding to TS1/0 on input line 320.
Package textcomp Info: Setting qpl sub-encoding to TS1/0 on input line 321.
Package textcomp Info: Setting qtm sub-encoding to TS1/0 on input line 322.
Package textcomp Info: Setting qzc sub-encoding to TS1/0 on input line 323.
Package textcomp Info: Setting qhvc sub-encoding to TS1/0 on input line 324.
Package textcomp Info: Setting futs sub-encoding to TS1/4 on input line 325.
Package textcomp Info: Setting futx sub-encoding to TS1/4 on input line 326.
Package textcomp Info: Setting futj sub-encoding to TS1/4 on input line 327.
Package textcomp Info: Setting hlh sub-encoding to TS1/3 on input line 328.
Package textcomp Info: Setting hls sub-encoding to TS1/3 on input line 329.
Package textcomp Info: Setting hlst sub-encoding to TS1/3 on input line 330.
Package textcomp Info: Setting hlct sub-encoding to TS1/5 on input line 331.
Package textcomp Info: Setting hlx sub-encoding to TS1/5 on input line 332.
Package textcomp Info: Setting hlce sub-encoding to TS1/5 on input line 333.
Package textcomp Info: Setting hlcn sub-encoding to TS1/5 on input line 334.
Package textcomp Info: Setting hlcw sub-encoding to TS1/5 on input line 335.
Package textcomp Info: Setting hlcf sub-encoding to TS1/5 on input line 336.
Package textcomp Info: Setting pplx sub-encoding to TS1/3 on input line 337.
Package textcomp Info: Setting pplj sub-encoding to TS1/3 on input line 338.
Package textcomp Info: Setting ptmx sub-encoding to TS1/4 on input line 339.
Package textcomp Info: Setting ptmj sub-encoding to TS1/4 on input line 340.
))
(/usr/share/texlive/texmf-dist/tex/latex/base/inputenc.sty
Package: inputenc 2008/03/30 v1.1d Input encoding file
\inpenc@prehook=\toks20
\inpenc@posthook=\toks21

(/usr/share/texlive/texmf-dist/tex/latex/base/utf8.def
File: utf8.def 2008/04/05 v1.1m UTF-8 support for inputenc
Now handling font encoding OML ...
... no UTF-8 mapping file for font encoding OML
Now handling font encoding T1 ...
... processing UTF-8 mapping file for font encoding T1

(/usr/share/texlive/texmf-dist/tex/latex/base/t1enc.dfu
File: t1enc.dfu 2008/04/05 v1.1m UTF-8 support for inputenc
   defining Unicode char U+00A1 (decimal 161)
   defining Unicode char U+00A3 (decimal 163)
   defining Unicode char U+00AB (decimal 171)
   defining Unicode char U+00BB (decimal 187)
   defining Unicode char U+00BF (decimal 191)
   defining Unicode char U+00C0 (decimal 192)
   defining Unicode char U+00C1 (decimal 193)
   defining Unicode char U+00C2 (decimal 194)
   defining Unicode char U+00C3 (decimal 195)
   defining Unicode char U+00C4 (decimal 196)
   defining Unicode char U+00C5 (decimal 197)
   defining Unicode char U+00C6 (decimal 198)
   defining Unicode char U+00C7 (decimal 199)
   defining Unicode char U+00C8 (decimal 200)
   defining Unicode char U+00C9 (decimal 201)
   defining Unicode char U+00CA (decimal 202)
   defining Unicode char U+00CB (decimal 203)
   defining Unicode char U+00CC (decimal 204)
   defining Unicode char U+00CD (decimal 205)
   defining Unicode char U+00CE (decimal 206)
   defining Unicode char U+00CF (decimal 207)
   defining Unicode char U+00D0 (decimal 208)
   defining Unicode char U+00D1 (decimal 209)
   defining Unicode char U+00D2 (decimal 210)
   defining Unicode char U+00D3 (decimal 211)
   defining Unicode char U+00D4 (decimal 212)
   defining Unicode char U+00D5 (decimal 213)
   defining Unicode char U+00D6 (decimal 214)
   defining Unicode char U+00D8 (decimal 216)
   defining Unicode char U+00D9 (decimal 217)
   defining Unicode char U+00DA (decimal 218)
   defining Unicode char U+00DB (decimal 219)
   defining Unicode char U+00DC (decimal 220)
   defining Unicode char U+00DD (decimal 221)
   defining Unicode char U+00DE (decimal 222)
   defining Unicode char U+00DF (decimal 223)
   defining Unicode char U+00E0 (decimal 224)
   defining Unicode char U+00E1 (decimal 225)
   defining Unicode char U+00E2 (decimal 226)
   defining Unicode char U+00E3 (decimal 227)
   defining Unicode char U+00E4 (decimal 228)
   defining Unicode char U+00E5 (decimal 229)
   defining Unicode char U+00E6 (decimal 230)
   defining Unicode char U+00E7 (decimal 231)
   defining Unicode char U+00E8 (decimal 232)
   defining Unicode char U+00E9 (decimal 233)
   defining Unicode char U+00EA (decimal 234)
   defining Unicode char U+00EB (decimal 235)
   defining Unicode char U+00EC (decimal 236)
   defining Unicode char U+00ED (decimal 237)
   defining Unicode char U+00EE (decimal 238)
   defining Unicode char U+00EF (decimal 239)
   defining Unicode char U+00F0 (decimal 240)
   defining Unicode char U+00F1 (decimal 241)
   defining Unicode char U+00F2 (decimal 242)
   defining Unicode char U+00F3 (decimal 243)
   defining Unicode char U+00F4 (decimal 244)
   defining Unicode char U+00F5 (decimal 245)
   defining Unicode char U+00F6 (decimal 246)
   defining Unicode char U+00F8 (decimal 248)
   defining Unicode char U+00F9 (decimal 249)
   defining Unicode char U+00FA (decimal 250)
   defining Unicode char U+00FB (decimal 251)
   defining Unicode char U+00FC (decimal 252)
   defining Unicode char U+00FD (decimal 253)
   defining Unicode char U+00FE (decimal 254)
   defining Unicode char U+00FF (decimal 255)
   defining Unicode char U+0102 (decimal 258)
   defining Unicode char U+0103 (decimal 259)
   defining Unicode char U+0104 (decimal 260)
   defining Unicode char U+0105 (decimal 261)
   defining Unicode char U+0106 (decimal 262)
   defining Unicode char U+0107 (decimal 263)
   defining Unicode char U+010C (decimal 268)
   defining Unicode char U+010D (decimal 269)
   defining Unicode char U+010E (decimal 270)
   defining Unicode char U+010F (decimal 271)
   defining Unicode char U+0110 (decimal 272)
   defining Unicode char U+0111 (decimal 273)
   defining Unicode char U+0118 (decimal 280)
   defining Unicode char U+0119 (decimal 281)
   defining Unicode char U+011A (decimal 282)
   defining Unicode char U+011B (decimal 283)
   defining Unicode char U+011E (decimal 286)
   defining Unicode char U+011F (decimal 287)
   defining Unicode char U+0130 (decimal 304)
   defining Unicode char U+0131 (decimal 305)
   defining Unicode char U+0132 (decimal 306)
   defining Unicode char U+0133 (decimal 307)
   defining Unicode char U+0139 (decimal 313)
   defining Unicode char U+013A (decimal 314)
   defining Unicode char U+013D (decimal 317)
   defining Unicode char U+013E (decimal 318)
   defining Unicode char U+0141 (decimal 321)
   defining Unicode char U+0142 (decimal 322)
   defining Unicode char U+0143 (decimal 323)
   defining Unicode char U+0144 (decimal 324)
   defining Unicode char U+0147 (decimal 327)
   defining Unicode char U+0148 (decimal 328)
   defining Unicode char U+014A (decimal 330)
   defining Unicode char U+014B (decimal 331)
   defining Unicode char U+0150 (decimal 336)
   defining Unicode char U+0151 (decimal 337)
   defining Unicode char U+0152 (decimal 338)
   defining Unicode char U+0153 (decimal 339)
   defining Unicode char U+0154 (decimal 340)
   defining Unicode char U+0155 (decimal 341)
   defining Unicode char U+0158 (decimal 344)
   defining Unicode char U+0159 (decimal 345)
   defining Unicode char U+015A (decimal 346)
   defining Unicode char U+015B (decimal 347)
   defining Unicode char U+015E (decimal 350)
   defining Unicode char U+015F (decimal 351)
   defining Unicode char U+0160 (decimal 352)
   defining Unicode char U+0161 (decimal 353)
   defining Unicode char U+0162 (decimal 354)
   defining Unicode char U+0163 (decimal 355)
   defining Unicode char U+0164 (decimal 356)
   defining Unicode char U+0165 (decimal 357)
   defining Unicode char U+016E (decimal 366)
   defining Unicode char U+016F (decimal 367)
   defining Unicode char U+0170 (decimal 368)
   defining Unicode char U+0171 (decimal 369)
   defining Unicode char U+0178 (decimal 376)
   defining Unicode char U+0179 (decimal 377)
   defining Unicode char U+017A (decimal 378)
   defining Unicode char U+017B (decimal 379)
   defining Unicode char U+017C (decimal 380)
   defining Unicode char U+017D (decimal 381)
   defining Unicode char U+017E (decimal 382)
   defining Unicode char U+200C (decimal 8204)
   defining Unicode char U+2013 (decimal 8211)
   defining Unicode char U+2014 (decimal 8212)
   defining Unicode char U+2018 (decimal 8216)
   defining Unicode char U+2019 (decimal 8217)
   defining Unicode char U+201A (decimal 8218)
   defining Unicode char U+201C (decimal 8220)
   defining Unicode char U+201D (decimal 8221)
   defining Unicode char U+201E (decimal 8222)
   defining Unicode char U+2030 (decimal 8240)
   defining Unicode char U+2031 (decimal 8241)
   defining Unicode char U+2039 (decimal 8249)
   defining Unicode char U+203A (decimal 8250)
   defining Unicode char U+2423 (decimal 9251)
)
Now handling font encoding OT1 ...
... processing UTF-8 mapping file for font encoding OT1

(/usr/share/texlive/texmf-dist/tex/latex/base/ot1enc.dfu
File: ot1enc.dfu 2008/04/05 v1.1m UTF-8 support for inputenc
   defining Unicode char U+00A1 (decimal 161)
   defining Unicode char U+00A3 (decimal 163)
   defining Unicode char U+00B8 (decimal 184)
   defining Unicode char U+00BF (decimal 191)
   defining Unicode char U+00C5 (decimal 197)
   defining Unicode char U+00C6 (decimal 198)
   defining Unicode char U+00D8 (decimal 216)
   defining Unicode char U+00DF (decimal 223)
   defining Unicode char U+00E6 (decimal 230)
   defining Unicode char U+00EC (decimal 236)
   defining Unicode char U+00ED (decimal 237)
   defining Unicode char U+00EE (decimal 238)
   defining Unicode char U+00EF (decimal 239)
   defining Unicode char U+00F8 (decimal 248)
   defining Unicode char U+0131 (decimal 305)
   defining Unicode char U+0141 (decimal 321)
   defining Unicode char U+0142 (decimal 322)
   defining Unicode char U+0152 (decimal 338)
   defining Unicode char U+0153 (decimal 339)
   defining Unicode char U+2013 (decimal 8211)
   defining Unicode char U+2014 (decimal 8212)
   defining Unicode char U+2018 (decimal 8216)
   defining Unicode char U+2019 (decimal 8217)
   defining Unicode char U+201C (decimal 8220)
   defining Unicode char U+201D (decimal 8221)
)
Now handling font encoding OMS ...
... processing UTF-8 mapping file for font encoding OMS

(/usr/share/texlive/texmf-dist/tex/latex/base/omsenc.dfu
File: omsenc.dfu 2008/04/05 v1.1m UTF-8 support for inputenc
   defining Unicode char U+00A7 (decimal 167)
   defining Unicode char U+00B6 (decimal 182)
   defining Unicode char U+00B7 (decimal 183)
   defining Unicode char U+2020 (decimal 8224)
   defining Unicode char U+2021 (decimal 8225)
   defining Unicode char U+2022 (decimal 8226)
)
Now handling font encoding OMX ...
... no UTF-8 mapping file for font encoding OMX
Now handling font encoding U ...
... no UTF-8 mapping file for font encoding U
Now handling font encoding TS1 ...
... processing UTF-8 mapping file for font encoding TS1

(/usr/share/texlive/texmf-dist/tex/latex/base/ts1enc.dfu
File: ts1enc.dfu 2008/04/05 v1.1m UTF-8 support for inputenc
   defining Unicode char U+00A2 (decimal 162)
   defining Unicode char U+00A3 (decimal 163)
   defining Unicode char U+00A4 (decimal 164)
   defining Unicode char U+00A5 (decimal 165)
   defining Unicode char U+00A6 (decimal 166)
   defining Unicode char U+00A7 (decimal 167)
   defining Unicode char U+00A8 (decimal 168)
   defining Unicode char U+00A9 (decimal 169)
   defining Unicode char U+00AA (decimal 170)
   defining Unicode char U+00AC (decimal 172)
   defining Unicode char U+00AE (decimal 174)
   defining Unicode char U+00AF (decimal 175)
   defining Unicode char U+00B0 (decimal 176)
   defining Unicode char U+00B1 (decimal 177)
   defining Unicode char U+00B2 (decimal 178)
   defining Unicode char U+00B3 (decimal 179)
   defining Unicode char U+00B4 (decimal 180)
   defining Unicode char U+00B5 (decimal 181)
   defining Unicode char U+00B6 (decimal 182)
   defining Unicode char U+00B7 (decimal 183)
   defining Unicode char U+00B9 (decimal 185)
   defining Unicode char U+00BA (decimal 186)
   defining Unicode char U+00BC (decimal 188)
   defining Unicode char U+00BD (decimal 189)
   defining Unicode char U+00BE (decimal 190)
   defining Unicode char U+00D7 (decimal 215)
   defining Unicode char U+00F7 (decimal 247)
   defining Unicode char U+0192 (decimal 402)
   defining Unicode char U+02C7 (decimal 711)
   defining Unicode char U+02D8 (decimal 728)
   defining Unicode char U+02DD (decimal 733)
   defining Unicode char U+0E3F (decimal 3647)
   defining Unicode char U+2016 (decimal 8214)
   defining Unicode char U+2020 (decimal 8224)
   defining Unicode char U+2021 (decimal 8225)
   defining Unicode char U+2022 (decimal 8226)
   defining Unicode char U+2030 (decimal 8240)
   defining Unicode char U+2031 (decimal 8241)
   defining Unicode char U+203B (decimal 8251)
   defining Unicode char U+203D (decimal 8253)
   defining Unicode char U+2044 (decimal 8260)
   defining Unicode char U+204E (decimal 8270)
   defining Unicode char U+2052 (decimal 8274)
   defining Unicode char U+20A1 (decimal 8353)
   defining Unicode char U+20A4 (decimal 8356)
   defining Unicode char U+20A6 (decimal 8358)
   defining Unicode char U+20A9 (decimal 8361)
   defining Unicode char U+20AB (decimal 8363)
   defining Unicode char U+20AC (decimal 8364)
   defining Unicode char U+20B1 (decimal 8369)
   defining Unicode char U+2103 (decimal 8451)
   defining Unicode char U+2116 (decimal 8470)
   defining Unicode char U+2117 (decimal 8471)
   defining Unicode char U+211E (decimal 8478)
   defining Unicode char U+2120 (decimal 8480)
   defining Unicode char U+2122 (decimal 8482)
   defining Unicode char U+2126 (decimal 8486)
   defining Unicode char U+2127 (decimal 8487)
   defining Unicode char U+212E (decimal 8494)
   defining Unicode char U+2190 (decimal 8592)
   defining Unicode char U+2191 (decimal 8593)
   defining Unicode char U+2192 (decimal 8594)
   defining Unicode char U+2193 (decimal 8595)
   defining Unicode char U+2329 (decimal 9001)
   defining Unicode char U+232A (decimal 9002)
   defining Unicode char U+2422 (decimal 9250)
   defining Unicode char U+25E6 (decimal 9702)
   defining Unicode char U+25EF (decimal 9711)
   defining Unicode char U+266A (decimal 9834)
)
   defining Unicode char U+00A9 (decimal 169)
   defining Unicode char U+00AA (decimal 170)
   defining Unicode char U+00AE (decimal 174)
   defining Unicode char U+00BA (decimal 186)
   defining Unicode char U+02C6 (decimal 710)
   defining Unicode char U+02DC (decimal 732)
   defining Unicode char U+200C (decimal 8204)
   defining Unicode char U+2026 (decimal 8230)
   defining Unicode char U+2122 (decimal 8482)
   defining Unicode char U+2423 (decimal 9251)
))
(/usr/share/texlive/texmf-dist/tex/latex/microtype/microtype.sty
Package: microtype 2013/05/23 v2.5a Micro-typographical refinements (RS)

(/usr/share/texlive/texmf-dist/tex/latex/graphics/keyval.sty
Package: keyval 1999/03/16 v1.13 key=value parser (DPC)
\KV@toks@=\toks22
)
\MT@toks=\toks23
\MT@count=\count99
LaTeX Info: Redefining \textls on input line 766.
\MT@outer@kern=\dimen112
LaTeX Info: Redefining \textmicrotypecontext on input line 1285.
\MT@listname@count=\count100

(/usr/share/texlive/texmf-dist/tex/latex/microtype/microtype-pdftex.def
File: microtype-pdftex.def 2013/05/23 v2.5a Definitions specific to pdftex (RS)

LaTeX Info: Redefining \lsstyle on input line 915.
LaTeX Info: Redefining \lslig on input line 915.
\MT@outer@space=\skip46
)
Package microtype Info: Loading configuration file microtype.cfg.

(/usr/share/texlive/texmf-dist/tex/latex/microtype/microtype.cfg
File: microtype.cfg 2013/05/23 v2.5a microtype main configuration file (RS)
))
(/usr/share/texlive/texmf-dist/tex/latex/tools/longtable.sty
Package: longtable 2004/02/01 v4.11 Multi-page Table package (DPC)
\LTleft=\skip47
\LTright=\skip48
\LTpre=\skip49
\LTpost=\skip50
\LTchunksize=\count101
\LTcapwidth=\dimen113
\LT@head=\box28
\LT@firsthead=\box29
\LT@foot=\box30
\LT@lastfoot=\box31
\LT@cols=\count102
\LT@rows=\count103
\c@LT@tables=\count104
\c@LT@chunks=\count105
\LT@p@ftn=\toks24
)
(/usr/share/texlive/texmf-dist/tex/latex/booktabs/booktabs.sty
Package: booktabs 2005/04/14 v1.61803 publication quality tables
\heavyrulewidth=\dimen114
\lightrulewidth=\dimen115
\cmidrulewidth=\dimen116
\belowrulesep=\dimen117
\belowbottomsep=\dimen118
\aboverulesep=\dimen119
\abovetopsep=\dimen120
\cmidrulesep=\dimen121
\cmidrulekern=\dimen122
\defaultaddspace=\dimen123
\@cmidla=\count106
\@cmidlb=\count107
\@aboverulesep=\dimen124
\@belowrulesep=\dimen125
\@thisruleclass=\count108
\@lastruleclass=\count109
\@thisrulewidth=\dimen126
)
(/usr/share/texlive/texmf-dist/tex/latex/graphics/graphicx.sty
Package: graphicx 1999/02/16 v1.0f Enhanced LaTeX Graphics (DPC,SPQR)

(/usr/share/texlive/texmf-dist/tex/latex/graphics/graphics.sty
Package: graphics 2009/02/05 v1.0o Standard LaTeX Graphics (DPC,SPQR)

(/usr/share/texlive/texmf-dist/tex/latex/graphics/trig.sty
Package: trig 1999/03/16 v1.09 sin cos tan (DPC)
)
(/usr/share/texlive/texmf-dist/tex/latex/latexconfig/graphics.cfg
File: graphics.cfg 2010/04/23 v1.9 graphics configuration of TeX Live
)
Package graphics Info: Driver file: pdftex.def on input line 91.

(/usr/share/texlive/texmf-dist/tex/latex/pdftex-def/pdftex.def
File: pdftex.def 2011/05/27 v0.06d Graphics/color for pdfTeX

(/usr/share/texlive/texmf-dist/tex/generic/oberdiek/infwarerr.sty
Package: infwarerr 2010/04/08 v1.3 Providing info/warning/error messages (HO)
)
(/usr/share/texlive/texmf-dist/tex/generic/oberdiek/ltxcmds.sty
Package: ltxcmds 2011/11/09 v1.22 LaTeX kernel commands for general use (HO)
)
\Gread@gobject=\count110
))
\Gin@req@height=\dimen127
\Gin@req@width=\dimen128
)
(/usr/share/texlive/texmf-dist/tex/latex/hyperref/hyperref.sty
Package: hyperref 2012/11/06 v6.83m Hypertext links for LaTeX

(/usr/share/texlive/texmf-dist/tex/generic/oberdiek/hobsub-hyperref.sty
Package: hobsub-hyperref 2012/05/28 v1.13 Bundle oberdiek, subset hyperref (HO)


(/usr/share/texlive/texmf-dist/tex/generic/oberdiek/hobsub-generic.sty
Package: hobsub-generic 2012/05/28 v1.13 Bundle oberdiek, subset generic (HO)
Package: hobsub 2012/05/28 v1.13 Construct package bundles (HO)
Package hobsub Info: Skipping package `infwarerr' (already loaded).
Package hobsub Info: Skipping package `ltxcmds' (already loaded).
Package hobsub Info: Skipping package `ifluatex' (already loaded).
Package: ifvtex 2010/03/01 v1.5 Detect VTeX and its facilities (HO)
Package ifvtex Info: VTeX not detected.
Package: intcalc 2007/09/27 v1.1 Expandable calculations with integers (HO)
Package: ifpdf 2011/01/30 v2.3 Provides the ifpdf switch (HO)
Package ifpdf Info: pdfTeX in PDF mode is detected.
Package: etexcmds 2011/02/16 v1.5 Avoid name clashes with e-TeX commands (HO)
Package etexcmds Info: Could not find \expanded.
(etexcmds)             That can mean that you are not using pdfTeX 1.50 or
(etexcmds)             that some package has redefined \expanded.
(etexcmds)             In the latter case, load this package earlier.
Package: kvsetkeys 2012/04/25 v1.16 Key value parser (HO)
Package: kvdefinekeys 2011/04/07 v1.3 Define keys (HO)
Package: pdftexcmds 2011/11/29 v0.20 Utility functions of pdfTeX for LuaTeX (HO
)
Package pdftexcmds Info: LuaTeX not detected.
Package pdftexcmds Info: \pdf@primitive is available.
Package pdftexcmds Info: \pdf@ifprimitive is available.
Package pdftexcmds Info: \pdfdraftmode found.
Package: pdfescape 2011/11/25 v1.13 Implements pdfTeX's escape features (HO)
Package: bigintcalc 2012/04/08 v1.3 Expandable calculations on big integers (HO
)
Package: bitset 2011/01/30 v1.1 Handle bit-vector datatype (HO)
Package: uniquecounter 2011/01/30 v1.2 Provide unlimited unique counter (HO)
)
Package hobsub Info: Skipping package `hobsub' (already loaded).
Package: letltxmacro 2010/09/02 v1.4 Let assignment for LaTeX macros (HO)
Package: hopatch 2012/05/28 v1.2 Wrapper for package hooks (HO)
Package: xcolor-patch 2011/01/30 xcolor patch
Package: atveryend 2011/06/30 v1.8 Hooks at the very end of document (HO)
Package atveryend Info: \enddocument detected (standard20110627).
Package: atbegshi 2011/10/05 v1.16 At begin shipout hook (HO)
Package: refcount 2011/10/16 v3.4 Data extraction from label references (HO)
Package: hycolor 2011/01/30 v1.7 Color options for hyperref/bookmark (HO)
)
(/usr/share/texlive/texmf-dist/tex/latex/oberdiek/auxhook.sty
Package: auxhook 2011/03/04 v1.3 Hooks for auxiliary files (HO)
)
(/usr/share/texlive/texmf-dist/tex/latex/oberdiek/kvoptions.sty
Package: kvoptions 2011/06/30 v3.11 Key value format for package options (HO)
)
\@linkdim=\dimen129
\Hy@linkcounter=\count111
\Hy@pagecounter=\count112

(/usr/share/texlive/texmf-dist/tex/latex/hyperref/pd1enc.def
File: pd1enc.def 2012/11/06 v6.83m Hyperref: PDFDocEncoding definition (HO)
Now handling font encoding PD1 ...
... no UTF-8 mapping file for font encoding PD1
)
\Hy@SavedSpaceFactor=\count113

(/usr/share/texlive/texmf-dist/tex/latex/latexconfig/hyperref.cfg
File: hyperref.cfg 2002/06/06 v1.2 hyperref configuration of TeXLive
)
Package hyperref Info: Option `unicode' set `true' on input line 4319.

(/usr/share/texlive/texmf-dist/tex/latex/hyperref/puenc.def
File: puenc.def 2012/11/06 v6.83m Hyperref: PDF Unicode definition (HO)
Now handling font encoding PU ...
... no UTF-8 mapping file for font encoding PU
)
Package hyperref Info: Hyper figures OFF on input line 4443.
Package hyperref Info: Link nesting OFF on input line 4448.
Package hyperref Info: Hyper index ON on input line 4451.
Package hyperref Info: Plain pages OFF on input line 4458.
Package hyperref Info: Backreferencing OFF on input line 4463.
Package hyperref Info: Implicit mode ON; LaTeX internals redefined.
Package hyperref Info: Bookmarks ON on input line 4688.
\c@Hy@tempcnt=\count114

(/usr/share/texlive/texmf-dist/tex/latex/url/url.sty
\Urlmuskip=\muskip11
Package: url 2013/09/16  ver 3.4  Verb mode for urls, etc.
)
LaTeX Info: Redefining \url on input line 5041.
\XeTeXLinkMargin=\dimen130
\Fld@menulength=\count115
\Field@Width=\dimen131
\Fld@charsize=\dimen132
Package hyperref Info: Hyper figures OFF on input line 6295.
Package hyperref Info: Link nesting OFF on input line 6300.
Package hyperref Info: Hyper index ON on input line 6303.
Package hyperref Info: backreferencing OFF on input line 6310.
Package hyperref Info: Link coloring OFF on input line 6315.
Package hyperref Info: Link coloring with OCG OFF on input line 6320.
Package hyperref Info: PDF/A mode OFF on input line 6325.
LaTeX Info: Redefining \ref on input line 6365.
LaTeX Info: Redefining \pageref on input line 6369.
\Hy@abspage=\count116
\c@Item=\count117
\c@Hfootnote=\count118
)

Package hyperref Message: Driver (autodetected): hpdftex.

(/usr/share/texlive/texmf-dist/tex/latex/hyperref/hpdftex.def
File: hpdftex.def 2012/11/06 v6.83m Hyperref driver for pdfTeX
\Fld@listcount=\count119
\c@bookmark@seq@number=\count120

(/usr/share/texlive/texmf-dist/tex/latex/oberdiek/rerunfilecheck.sty
Package: rerunfilecheck 2011/04/15 v1.7 Rerun checks for auxiliary files (HO)
Package uniquecounter Info: New unique counter `rerunfilecheck' on input line 2
82.
)
\Hy@SectionHShift=\skip51
)
Package hyperref Info: Option `breaklinks' set `true' on input line 68.


Package hyperref Warning: Option `bookmarks' has already been used,
(hyperref)                setting the option has no effect on input line 68.

Package hyperref Info: Option `colorlinks' set `true' on input line 68.
(./stats.aux)
\openout1 = `stats.aux'.

LaTeX Font Info:    Checking defaults for OML/cmm/m/it on input line 78.
LaTeX Font Info:    ... okay on input line 78.
LaTeX Font Info:    Checking defaults for T1/cmr/m/n on input line 78.
LaTeX Font Info:    ... okay on input line 78.
LaTeX Font Info:    Checking defaults for OT1/cmr/m/n on input line 78.
LaTeX Font Info:    ... okay on input line 78.
LaTeX Font Info:    Checking defaults for OMS/cmsy/m/n on input line 78.
LaTeX Font Info:    ... okay on input line 78.
LaTeX Font Info:    Checking defaults for OMX/cmex/m/n on input line 78.
LaTeX Font Info:    ... okay on input line 78.
LaTeX Font Info:    Checking defaults for U/cmr/m/n on input line 78.
LaTeX Font Info:    ... okay on input line 78.
LaTeX Font Info:    Checking defaults for TS1/cmr/m/n on input line 78.
LaTeX Font Info:    Try loading font information for TS1+cmr on input line 78.
 (/usr/share/texlive/texmf-dist/tex/latex/base/ts1cmr.fd
File: ts1cmr.fd 1999/05/25 v2.5h Standard LaTeX font definitions
)
LaTeX Font Info:    ... okay on input line 78.
LaTeX Font Info:    Checking defaults for PD1/pdf/m/n on input line 78.
LaTeX Font Info:    ... okay on input line 78.
LaTeX Font Info:    Checking defaults for PU/pdf/m/n on input line 78.
LaTeX Font Info:    ... okay on input line 78.
LaTeX Font Info:    Try loading font information for T1+lmr on input line 78.

(/usr/share/texmf/tex/latex/lm/t1lmr.fd
File: t1lmr.fd 2009/10/30 v1.6 Font defs for Latin Modern
)
LaTeX Info: Redefining \microtypecontext on input line 78.
Package microtype Info: Generating PDF output.
Package microtype Info: Character protrusion enabled (level 2).
Package microtype Info: Using default protrusion set `alltext'.
Package microtype Info: Automatic font expansion enabled (level 2),
(microtype)             stretch: 20, shrink: 20, step: 1, non-selected.
Package microtype Info: Using default expansion set `basictext'.
Package microtype Info: No adjustment of tracking.
Package microtype Info: No adjustment of interword spacing.
Package microtype Info: No adjustment of character kerning.

(/usr/share/texlive/texmf-dist/tex/latex/microtype/mt-cmr.cfg
File: mt-cmr.cfg 2013/05/19 v2.2 microtype config. file: Computer Modern Roman 
(RS)
)
(/usr/share/texlive/texmf-dist/tex/context/base/supp-pdf.mkii
[Loading MPS to PDF converter (version 2006.09.02).]
\scratchcounter=\count121
\scratchdimen=\dimen133
\scratchbox=\box32
\nofMPsegments=\count122
\nofMParguments=\count123
\everyMPshowfont=\toks25
\MPscratchCnt=\count124
\MPscratchDim=\dimen134
\MPnumerator=\count125
\makeMPintoPDFobject=\count126
\everyMPtoPDFconversion=\toks26
) (/usr/share/texlive/texmf-dist/tex/latex/oberdiek/epstopdf-base.sty
Package: epstopdf-base 2010/02/09 v2.5 Base part for package epstopdf

(/usr/share/texlive/texmf-dist/tex/latex/oberdiek/grfext.sty
Package: grfext 2010/08/19 v1.1 Manage graphics extensions (HO)
)
Package grfext Info: Graphics extension search list:
(grfext)             [.png,.pdf,.jpg,.mps,.jpeg,.jbig2,.jb2,.PNG,.PDF,.JPG,.JPE
G,.JBIG2,.JB2,.eps]
(grfext)             \AppendGraphicsExtensions on input line 452.

(/usr/share/texlive/texmf-dist/tex/latex/latexconfig/epstopdf-sys.cfg
File: epstopdf-sys.cfg 2010/07/13 v1.3 Configuration of (r)epstopdf for TeX Liv
e
))
\AtBeginShipoutBox=\box33

(/usr/share/texlive/texmf-dist/tex/latex/graphics/color.sty
Package: color 2005/11/14 v1.0j Standard LaTeX Color (DPC)

(/usr/share/texlive/texmf-dist/tex/latex/latexconfig/color.cfg
File: color.cfg 2007/01/18 v1.5 color configuration of teTeX/TeXLive
)
Package color Info: Driver file: pdftex.def on input line 130.
)
Package hyperref Info: Link coloring ON on input line 78.

(/usr/share/texlive/texmf-dist/tex/latex/hyperref/nameref.sty
Package: nameref 2012/10/27 v2.43 Cross-referencing by name of section

(/usr/share/texlive/texmf-dist/tex/generic/oberdiek/gettitlestring.sty
Package: gettitlestring 2010/12/03 v1.4 Cleanup title references (HO)
)
\c@section@level=\count127
)
LaTeX Info: Redefining \ref on input line 78.
LaTeX Info: Redefining \pageref on input line 78.
LaTeX Info: Redefining \nameref on input line 78.

(./stats.out) (./stats.out)
\@outlinefile=\write3
\openout3 = `stats.out'.

LaTeX Font Info:    Try loading font information for OT1+lmr on input line 90.
 (/usr/share/texmf/tex/latex/lm/ot1lmr.fd
File: ot1lmr.fd 2009/10/30 v1.6 Font defs for Latin Modern
)
LaTeX Font Info:    Try loading font information for OML+lmm on input line 90.

(/usr/share/texmf/tex/latex/lm/omllmm.fd
File: omllmm.fd 2009/10/30 v1.6 Font defs for Latin Modern
)
LaTeX Font Info:    Try loading font information for OMS+lmsy on input line 90.


(/usr/share/texmf/tex/latex/lm/omslmsy.fd
File: omslmsy.fd 2009/10/30 v1.6 Font defs for Latin Modern
)
LaTeX Font Info:    Try loading font information for OMX+lmex on input line 90.


(/usr/share/texmf/tex/latex/lm/omxlmex.fd
File: omxlmex.fd 2009/10/30 v1.6 Font defs for Latin Modern
)
LaTeX Font Info:    External font `lmex10' loaded for size
(Font)              <10> on input line 90.
LaTeX Font Info:    External font `lmex10' loaded for size
(Font)              <7> on input line 90.
LaTeX Font Info:    External font `lmex10' loaded for size
(Font)              <5> on input line 90.
LaTeX Font Info:    Try loading font information for U+msa on input line 90.

(/usr/share/texlive/texmf-dist/tex/latex/amsfonts/umsa.fd
File: umsa.fd 2013/01/14 v3.01 AMS symbols A
)
(/usr/share/texlive/texmf-dist/tex/latex/microtype/mt-msa.cfg
File: mt-msa.cfg 2006/02/04 v1.1 microtype config. file: AMS symbols (a) (RS)
)
LaTeX Font Info:    Try loading font information for U+msb on input line 90.

(/usr/share/texlive/texmf-dist/tex/latex/amsfonts/umsb.fd
File: umsb.fd 2013/01/14 v3.01 AMS symbols B
)
(/usr/share/texlive/texmf-dist/tex/latex/microtype/mt-msb.cfg
File: mt-msb.cfg 2005/06/01 v1.0 microtype config. file: AMS symbols (b) (RS)
)
Overfull \hbox (82.37497pt too wide) in alignment at lines 87--92
 [] [] [] [] [] [] [] [] [] [] [] 
 []


Overfull \hbox (82.37497pt too wide) in alignment at lines 92--100
 [] [] [] [] [] [] [] [] [] [] [] 
 []

<responses_fc_diff.png, id=92, 462.528pt x 346.896pt>
File: responses_fc_diff.png Graphic file (type png)

<use responses_fc_diff.png>
Package pdftex.def Info: responses_fc_diff.png used on input line 102.
(pdftex.def)             Requested size: 345.0pt x 258.76335pt.

<responses_fc_abil.png, id=94, 462.528pt x 346.896pt>
File: responses_fc_abil.png Graphic file (type png)

<use responses_fc_abil.png>
Package pdftex.def Info: responses_fc_abil.png used on input line 103.
(pdftex.def)             Requested size: 345.0pt x 258.76335pt.

Overfull \hbox (112.50198pt too wide) in paragraph at lines 102--104
 []\T1/lmr/bx/n/10 Flashcard con-di-tions[] []
 []

[1

{/var/lib/texmf/fonts/map/pdftex/updmap/pdftex.map} <./responses_fc_diff.png>]
Overfull \hbox (80.45857pt too wide) in alignment at lines 108--113
 [] [] [] [] [] [] [] [] [] [] [] 
 []


Overfull \hbox (80.45857pt too wide) in alignment at lines 113--121
 [] [] [] [] [] [] [] [] [] [] [] 
 []

<responses_fm_diff.png, id=107, 462.528pt x 346.896pt>
File: responses_fm_diff.png Graphic file (type png)

<use responses_fm_diff.png>
Package pdftex.def Info: responses_fm_diff.png used on input line 123.
(pdftex.def)             Requested size: 345.0pt x 258.76335pt.

<responses_fm_abil.png, id=108, 462.528pt x 346.896pt>
File: responses_fm_abil.png Graphic file (type png)

<use responses_fm_abil.png>
Package pdftex.def Info: responses_fm_abil.png used on input line 124.
(pdftex.def)             Requested size: 345.0pt x 258.76335pt.

Overfull \hbox (112.238pt too wide) in paragraph at lines 123--125
 []\T1/lmr/bx/n/10 Flashmap con-di-tions[] []
 []

[2 <./responses_fc_abil.png>]
Overfull \hbox (83.76399pt too wide) in alignment at lines 129--134
 [] [] [] [] [] [] [] [] [] [] [] 
 []


Overfull \hbox (83.76399pt too wide) in alignment at lines 134--142
 [] [] [] [] [] [] [] [] [] [] [] 
 []

[3 <./responses_fm_diff.png> <./responses_fm_abil.png>]
<responses_gen_diff.png, id=122, 462.528pt x 346.896pt>
File: responses_gen_diff.png Graphic file (type png)

<use responses_gen_diff.png>
Package pdftex.def Info: responses_gen_diff.png used on input line 144.
(pdftex.def)             Requested size: 345.0pt x 258.76335pt.

<responses_gen_abil.png, id=123, 462.528pt x 346.896pt>
File: responses_gen_abil.png Graphic file (type png)

<use responses_gen_abil.png>
Package pdftex.def Info: responses_gen_abil.png used on input line 145.
(pdftex.def)             Requested size: 345.0pt x 258.76335pt.

Overfull \hbox (114.68256pt too wide) in paragraph at lines 144--146
 []\T1/lmr/bx/n/10 Combined con-di-tions[] []
 []

[4 <./responses_gen_diff.png>]
Overfull \hbox (76.5137pt too wide) in alignment at lines 153--158
 [] [] [] [] [] [] [] [] [] [] [] 
 []


Overfull \hbox (76.5137pt too wide) in alignment at lines 158--166
 [] [] [] [] [] [] [] [] [] [] [] 
 []

<score_fc_diff.png, id=131, 462.528pt x 346.896pt>
File: score_fc_diff.png Graphic file (type png)
 <use score_fc_diff.png>
Package pdftex.def Info: score_fc_diff.png used on input line 168.
(pdftex.def)             Requested size: 345.0pt x 258.76335pt.

<score_fc_abil.png, id=132, 462.528pt x 346.896pt>
File: score_fc_abil.png Graphic file (type png)
 <use score_fc_abil.png>
Package pdftex.def Info: score_fc_abil.png used on input line 168.
(pdftex.def)             Requested size: 345.0pt x 258.76335pt.

Overfull \hbox (112.50198pt too wide) in paragraph at lines 168--169
 []\T1/lmr/bx/n/10 Flashcard con-di-tions[] []
 []

[5 <./responses_gen_abil.png>]
Overfull \hbox (76.01381pt too wide) in alignment at lines 173--178
 [] [] [] [] [] [] [] [] [] [] [] 
 []


Overfull \hbox (76.01381pt too wide) in alignment at lines 178--186
 [] [] [] [] [] [] [] [] [] [] [] 
 []

[6 <./score_fc_diff.png> <./score_fc_abil.png>]
<score_fm_diff.png, id=146, 462.528pt x 346.896pt>
File: score_fm_diff.png Graphic file (type png)
 <use score_fm_diff.png>
Package pdftex.def Info: score_fm_diff.png used on input line 188.
(pdftex.def)             Requested size: 345.0pt x 258.76335pt.

<score_fm_abil.png, id=147, 462.528pt x 346.896pt>
File: score_fm_abil.png Graphic file (type png)
 <use score_fm_abil.png>
Package pdftex.def Info: score_fm_abil.png used on input line 188.
(pdftex.def)             Requested size: 345.0pt x 258.76335pt.

Overfull \hbox (112.238pt too wide) in paragraph at lines 188--189
 []\T1/lmr/bx/n/10 Flashmap con-di-tions[] []
 []

[7 <./score_fm_diff.png>]
Overfull \hbox (76.01381pt too wide) in alignment at lines 193--198
 [] [] [] [] [] [] [] [] [] [] [] 
 []


Overfull \hbox (76.01381pt too wide) in alignment at lines 198--206
 [] [] [] [] [] [] [] [] [] [] [] 
 []

<score_gen_diff.png, id=156, 462.528pt x 346.896pt>
File: score_gen_diff.png Graphic file (type png)
 <use score_gen_diff.png>
Package pdftex.def Info: score_gen_diff.png used on input line 208.
(pdftex.def)             Requested size: 345.0pt x 258.76335pt.

<score_gen_abil.png, id=157, 462.528pt x 346.896pt>
File: score_gen_abil.png Graphic file (type png)
 <use score_gen_abil.png>
Package pdftex.def Info: score_gen_abil.png used on input line 209.
(pdftex.def)             Requested size: 345.0pt x 258.76335pt.

Overfull \hbox (114.68256pt too wide) in paragraph at lines 208--210
 []\T1/lmr/bx/n/10 Combined con-di-tions[] []
 []

[8 <./score_fm_abil.png>]
Overfull \hbox (112.59764pt too wide) in alignment at lines 217--222
 [] [] [] [] [] [] [] [] [] [] [] 
 []


Overfull \hbox (112.59764pt too wide) in alignment at lines 222--230
 [] [] [] [] [] [] [] [] [] [] [] 
 []

[9 <./score_gen_diff.png> <./score_gen_abil.png>]
<time_fc_diff.png, id=171, 462.528pt x 346.896pt>
File: time_fc_diff.png Graphic file (type png)
 <use time_fc_diff.png>
Package pdftex.def Info: time_fc_diff.png used on input line 232.
(pdftex.def)             Requested size: 345.0pt x 258.76335pt.

<time_fc_abil.png, id=172, 462.528pt x 346.896pt>
File: time_fc_abil.png Graphic file (type png)
 <use time_fc_abil.png>
Package pdftex.def Info: time_fc_abil.png used on input line 232.
(pdftex.def)             Requested size: 345.0pt x 258.76335pt.

Overfull \hbox (112.50198pt too wide) in paragraph at lines 232--233
 []\T1/lmr/bx/n/10 Flashcard con-di-tions[] []
 []

[10 <./time_fc_diff.png>]
Overfull \hbox (107.09775pt too wide) in alignment at lines 237--242
 [] [] [] [] [] [] [] [] [] [] [] 
 []


Overfull \hbox (107.09775pt too wide) in alignment at lines 242--250
 [] [] [] [] [] [] [] [] [] [] [] 
 []

<time_fm_diff.png, id=180, 462.528pt x 346.896pt>
File: time_fm_diff.png Graphic file (type png)
 <use time_fm_diff.png>
Package pdftex.def Info: time_fm_diff.png used on input line 252.
(pdftex.def)             Requested size: 345.0pt x 258.76335pt.

<time_fm_abil.png, id=181, 462.528pt x 346.896pt>
File: time_fm_abil.png Graphic file (type png)
 <use time_fm_abil.png>
Package pdftex.def Info: time_fm_abil.png used on input line 252.
(pdftex.def)             Requested size: 345.0pt x 258.76335pt.

Overfull \hbox (112.238pt too wide) in paragraph at lines 252--253
 []\T1/lmr/bx/n/10 Flashmap con-di-tions[] []
 []

[11 <./time_fc_abil.png>]
Overfull \hbox (112.59764pt too wide) in alignment at lines 257--262
 [] [] [] [] [] [] [] [] [] [] [] 
 []


Overfull \hbox (112.59764pt too wide) in alignment at lines 262--270
 [] [] [] [] [] [] [] [] [] [] [] 
 []

[12 <./time_fm_diff.png> <./time_fm_abil.png>]
<time_gen_diff.png, id=196, 462.528pt x 346.896pt>
File: time_gen_diff.png Graphic file (type png)
 <use time_gen_diff.png>
Package pdftex.def Info: time_gen_diff.png used on input line 272.
(pdftex.def)             Requested size: 345.0pt x 258.76335pt.

<time_gen_abil.png, id=197, 462.528pt x 346.896pt>
File: time_gen_abil.png Graphic file (type png)
 <use time_gen_abil.png>
Package pdftex.def Info: time_gen_abil.png used on input line 272.
(pdftex.def)             Requested size: 345.0pt x 258.76335pt.

Overfull \hbox (114.68256pt too wide) in paragraph at lines 272--273
 []\T1/lmr/bx/n/10 Combined con-di-tions[] []
 []

[13 <./time_gen_diff.png>]
Overfull \hbox (77.26111pt too wide) in alignment at lines 278--283
 [] [] [] [] [] 
 []


Overfull \hbox (77.26111pt too wide) in alignment at lines 283--289
 [] [] [] [] [] 
 []

<responses_diff.png, id=206, 462.528pt x 346.896pt>
File: responses_diff.png Graphic file (type png)
 <use responses_diff.png>
Package pdftex.def Info: responses_diff.png used on input line 291.
(pdftex.def)             Requested size: 345.0pt x 258.76335pt.

<responses_abil.png, id=207, 462.528pt x 346.896pt>
File: responses_abil.png Graphic file (type png)
 <use responses_abil.png>
Package pdftex.def Info: responses_abil.png used on input line 292.
(pdftex.def)             Requested size: 345.0pt x 258.76335pt.

[14 <./time_gen_abil.png>]
Overfull \hbox (77.26111pt too wide) in alignment at lines 297--302
 [] [] [] [] [] 
 []


Overfull \hbox (77.26111pt too wide) in alignment at lines 302--308
 [] [] [] [] [] 
 []

[15 <./responses_diff.png> <./responses_abil.png>]
<score_diff.png, id=220, 462.528pt x 346.896pt>
File: score_diff.png Graphic file (type png)
 <use score_diff.png>
Package pdftex.def Info: score_diff.png used on input line 310.
(pdftex.def)             Requested size: 345.0pt x 258.76335pt.

<score_abil.png, id=221, 462.528pt x 346.896pt>
File: score_abil.png Graphic file (type png)
 <use score_abil.png>
Package pdftex.def Info: score_abil.png used on input line 310.
(pdftex.def)             Requested size: 345.0pt x 258.76335pt.
 [16 <./score_diff.png>]
Overfull \hbox (77.26111pt too wide) in alignment at lines 315--320
 [] [] [] [] [] 
 []


Overfull \hbox (77.26111pt too wide) in alignment at lines 320--326
 [] [] [] [] [] 
 []

<time_diff.png, id=228, 462.528pt x 346.896pt>
File: time_diff.png Graphic file (type png)
 <use time_diff.png>
Package pdftex.def Info: time_diff.png used on input line 328.
(pdftex.def)             Requested size: 345.0pt x 258.76335pt.

<time_abil.png, id=229, 462.528pt x 346.896pt>
File: time_abil.png Graphic file (type png)
 <use time_abil.png>
Package pdftex.def Info: time_abil.png used on input line 328.
(pdftex.def)             Requested size: 345.0pt x 258.76335pt.
 [17 <./score_abil.png>]
Overfull \hbox (201.52498pt too wide) in alignment at lines 337--342
 [] [] [] [] [] [] [] [] [] [] [] 
 []


Overfull \hbox (201.52498pt too wide) in alignment at lines 342--389
 [] [] [] [] [] [] [] [] [] [] [] 
 []

[18 <./time_diff.png> <./time_abil.png>]
<know_fc_diff.png, id=242, 462.528pt x 346.896pt>
File: know_fc_diff.png Graphic file (type png)
 <use know_fc_diff.png>
Package pdftex.def Info: know_fc_diff.png used on input line 391.
(pdftex.def)             Requested size: 345.0pt x 258.76335pt.

<know_fc_abil.png, id=243, 462.528pt x 346.896pt>
File: know_fc_abil.png Graphic file (type png)
 <use know_fc_abil.png>
Package pdftex.def Info: know_fc_abil.png used on input line 391.
(pdftex.def)             Requested size: 345.0pt x 258.76335pt.

Overfull \hbox (112.50198pt too wide) in paragraph at lines 391--392
 []\T1/lmr/bx/n/10 Flashcard con-di-tions[] []
 []

[19]
Overfull \hbox (205.3582pt too wide) in alignment at lines 396--401
 [] [] [] [] [] [] [] [] [] [] [] 
 []


Overfull \hbox (205.3582pt too wide) in alignment at lines 401--448
 [] [] [] [] [] [] [] [] [] [] [] 
 []

[20 <./know_fc_diff.png> <./know_fc_abil.png>]
<know_fm_diff.png, id=257, 462.528pt x 346.896pt>
File: know_fm_diff.png Graphic file (type png)
 <use know_fm_diff.png>
Package pdftex.def Info: know_fm_diff.png used on input line 450.
(pdftex.def)             Requested size: 345.0pt x 258.76335pt.

<know_fm_abil.png, id=258, 462.528pt x 346.896pt>
File: know_fm_abil.png Graphic file (type png)
 <use know_fm_abil.png>
Package pdftex.def Info: know_fm_abil.png used on input line 450.
(pdftex.def)             Requested size: 345.0pt x 258.76335pt.

Overfull \hbox (112.238pt too wide) in paragraph at lines 450--451
 []\T1/lmr/bx/n/10 Flashmap con-di-tions[] []
 []

[21]
Overfull \hbox (202.02487pt too wide) in alignment at lines 455--460
 [] [] [] [] [] [] [] [] [] [] [] 
 []


Overfull \hbox (202.02487pt too wide) in alignment at lines 460--507
 [] [] [] [] [] [] [] [] [] [] [] 
 []

[22 <./know_fm_diff.png> <./know_fm_abil.png>]
<know_gen_diff.png, id=271, 462.528pt x 346.896pt>
File: know_gen_diff.png Graphic file (type png)
 <use know_gen_diff.png>
Package pdftex.def Info: know_gen_diff.png used on input line 509.
(pdftex.def)             Requested size: 345.0pt x 258.76335pt.

<know_gen_abil.png, id=272, 462.528pt x 346.896pt>
File: know_gen_abil.png Graphic file (type png)
 <use know_gen_abil.png>
Package pdftex.def Info: know_gen_abil.png used on input line 509.
(pdftex.def)             Requested size: 345.0pt x 258.76335pt.

Overfull \hbox (49.49348pt too wide) in paragraph at lines 509--510
 []\T1/lmr/bx/n/10 General[] []
 []

[23]
Overfull \hbox (202.02487pt too wide) in alignment at lines 516--521
 [] [] [] [] [] [] [] [] [] [] [] 
 []


Overfull \hbox (202.02487pt too wide) in alignment at lines 521--568
 [] [] [] [] [] [] [] [] [] [] [] 
 []

[24 <./know_gen_diff.png> <./know_gen_abil.png>]
<comp_fc_diff.png, id=285, 462.528pt x 346.896pt>
File: comp_fc_diff.png Graphic file (type png)
 <use comp_fc_diff.png>
Package pdftex.def Info: comp_fc_diff.png used on input line 570.
(pdftex.def)             Requested size: 345.0pt x 258.76335pt.

<comp_fc_abil.png, id=286, 462.528pt x 346.896pt>
File: comp_fc_abil.png Graphic file (type png)
 <use comp_fc_abil.png>
Package pdftex.def Info: comp_fc_abil.png used on input line 570.
(pdftex.def)             Requested size: 345.0pt x 258.76335pt.

Overfull \hbox (112.50198pt too wide) in paragraph at lines 570--571
 []\T1/lmr/bx/n/10 Flashcard con-di-tions[] []
 []

[25]
Overfull \hbox (201.52498pt too wide) in alignment at lines 574--579
 [] [] [] [] [] [] [] [] [] [] [] 
 []


Overfull \hbox (201.52498pt too wide) in alignment at lines 579--626
 [] [] [] [] [] [] [] [] [] [] [] 
 []

[26 <./comp_fc_diff.png> <./comp_fc_abil.png>]
<comp_fm_diff.png, id=300, 462.528pt x 346.896pt>
File: comp_fm_diff.png Graphic file (type png)
 <use comp_fm_diff.png>
Package pdftex.def Info: comp_fm_diff.png used on input line 628.
(pdftex.def)             Requested size: 345.0pt x 258.76335pt.

<comp_fm_abil.png, id=301, 462.528pt x 346.896pt>
File: comp_fm_abil.png Graphic file (type png)
 <use comp_fm_abil.png>
Package pdftex.def Info: comp_fm_abil.png used on input line 628.
(pdftex.def)             Requested size: 345.0pt x 258.76335pt.

[27]
Overfull \hbox (201.52498pt too wide) in alignment at lines 632--637
 [] [] [] [] [] [] [] [] [] [] [] 
 []


Overfull \hbox (201.52498pt too wide) in alignment at lines 637--684
 [] [] [] [] [] [] [] [] [] [] [] 
 []

[28 <./comp_fm_diff.png> <./comp_fm_abil.png>]
<comp_gen_diff.png, id=313, 462.528pt x 346.896pt>
File: comp_gen_diff.png Graphic file (type png)
 <use comp_gen_diff.png>
Package pdftex.def Info: comp_gen_diff.png used on input line 686.
(pdftex.def)             Requested size: 345.0pt x 258.76335pt.

<comp_gen_abil.png, id=314, 462.528pt x 346.896pt>
File: comp_gen_abil.png Graphic file (type png)
 <use comp_gen_abil.png>
Package pdftex.def Info: comp_gen_abil.png used on input line 686.
(pdftex.def)             Requested size: 345.0pt x 258.76335pt.

[29] [30 <./comp_gen_diff.png> <./comp_gen_abil.png>]
Overfull \hbox (119.5319pt too wide) in alignment at lines 698--703
 [] [] [] [] [] 
 []


Overfull \hbox (119.5319pt too wide) in alignment at lines 703--711
 [] [] [] [] [] 
 []


Overfull \hbox (119.5319pt too wide) in alignment at lines 716--721
 [] [] [] [] [] 
 []


Overfull \hbox (119.5319pt too wide) in alignment at lines 721--729
 [] [] [] [] [] 
 []


Overfull \hbox (119.5319pt too wide) in alignment at lines 734--739
 [] [] [] [] [] 
 []


Overfull \hbox (119.5319pt too wide) in alignment at lines 739--747
 [] [] [] [] [] 
 []


Overfull \hbox (140.79198pt too wide) in alignment at lines 755--760
 [] [] [] [] [] 
 []


Overfull \hbox (140.79198pt too wide) in alignment at lines 760--772
 [] [] [] [] [] 
 []

[31]
Overfull \hbox (140.79198pt too wide) in alignment at lines 777--782
 [] [] [] [] [] 
 []


Overfull \hbox (140.79198pt too wide) in alignment at lines 782--794
 [] [] [] [] [] 
 []


Overfull \hbox (140.79198pt too wide) in alignment at lines 799--804
 [] [] [] [] [] 
 []


Overfull \hbox (140.79198pt too wide) in alignment at lines 804--816
 [] [] [] [] [] 
 []

<know_gain_diff.png, id=340, 462.528pt x 346.896pt>
File: know_gain_diff.png Graphic file (type png)
 <use know_gain_diff.png>
Package pdftex.def Info: know_gain_diff.png used on input line 818.
(pdftex.def)             Requested size: 345.0pt x 258.76335pt.

<know_gain_abil.png, id=341, 462.528pt x 346.896pt>
File: know_gain_abil.png Graphic file (type png)
 <use know_gain_abil.png>
Package pdftex.def Info: know_gain_abil.png used on input line 819.
(pdftex.def)             Requested size: 345.0pt x 258.76335pt.

Overfull \hbox (67.50803pt too wide) in paragraph at lines 818--820
 []\T1/lmr/bx/n/10 adjusted irt[] []
 []

[32] [33 <./know_gain_diff.png> <./know_gain_abil.png>]
Overfull \hbox (119.5319pt too wide) in alignment at lines 829--834
 [] [] [] [] [] 
 []


Overfull \hbox (119.5319pt too wide) in alignment at lines 834--842
 [] [] [] [] [] 
 []


Overfull \hbox (119.5319pt too wide) in alignment at lines 847--852
 [] [] [] [] [] 
 []


Overfull \hbox (119.5319pt too wide) in alignment at lines 852--860
 [] [] [] [] [] 
 []


Overfull \hbox (119.5319pt too wide) in alignment at lines 865--870
 [] [] [] [] [] 
 []


Overfull \hbox (119.5319pt too wide) in alignment at lines 870--878
 [] [] [] [] [] 
 []


Overfull \hbox (140.79198pt too wide) in alignment at lines 886--891
 [] [] [] [] [] 
 []


Overfull \hbox (140.79198pt too wide) in alignment at lines 891--903
 [] [] [] [] [] 
 []

[34]
Overfull \hbox (140.79198pt too wide) in alignment at lines 908--913
 [] [] [] [] [] 
 []


Overfull \hbox (140.79198pt too wide) in alignment at lines 913--925
 [] [] [] [] [] 
 []


Overfull \hbox (140.79198pt too wide) in alignment at lines 930--935
 [] [] [] [] [] 
 []


Overfull \hbox (140.79198pt too wide) in alignment at lines 935--947
 [] [] [] [] [] 
 []

<comp_gain_diff.png, id=371, 462.528pt x 346.896pt>
File: comp_gain_diff.png Graphic file (type png)
 <use comp_gain_diff.png>
Package pdftex.def Info: comp_gain_diff.png used on input line 949.
(pdftex.def)             Requested size: 345.0pt x 258.76335pt.

<comp_gain_abil.png, id=372, 462.528pt x 346.896pt>
File: comp_gain_abil.png Graphic file (type png)
 <use comp_gain_abil.png>
Package pdftex.def Info: comp_gain_abil.png used on input line 950.
(pdftex.def)             Requested size: 345.0pt x 258.76335pt.

Overfull \hbox (67.50803pt too wide) in paragraph at lines 949--951
 []\T1/lmr/bx/n/10 adjusted irt[] []
 []

[35]
Overfull \hbox (74.05365pt too wide) in alignment at lines 959--964
 [] [] [] [] [] [] [] [] [] [] [] 
 []


Overfull \hbox (74.05365pt too wide) in alignment at lines 964--972
 [] [] [] [] [] [] [] [] [] [] [] 
 []

[36 <./comp_gain_diff.png> <./comp_gain_abil.png>]
<usefulness_fc_diff.png, id=388, 462.528pt x 346.896pt>
File: usefulness_fc_diff.png Graphic file (type png)

<use usefulness_fc_diff.png>
Package pdftex.def Info: usefulness_fc_diff.png used on input line 974.
(pdftex.def)             Requested size: 345.0pt x 258.76335pt.

<usefulness_fc_abil.png, id=389, 462.528pt x 346.896pt>
File: usefulness_fc_abil.png Graphic file (type png)

<use usefulness_fc_abil.png>
Package pdftex.def Info: usefulness_fc_abil.png used on input line 975.
(pdftex.def)             Requested size: 345.0pt x 258.76335pt.

Overfull \hbox (112.50198pt too wide) in paragraph at lines 974--976
 []\T1/lmr/bx/n/10 Flashcard con-di-tions[] []
 []

[37]
Overfull \hbox (74.05365pt too wide) in alignment at lines 980--985
 [] [] [] [] [] [] [] [] [] [] [] 
 []


Overfull \hbox (74.05365pt too wide) in alignment at lines 985--993
 [] [] [] [] [] [] [] [] [] [] [] 
 []

[38 <./usefulness_fc_diff.png> <./usefulness_fc_abil.png>]
<usefulness_fm_diff.png, id=403, 462.528pt x 346.896pt>
File: usefulness_fm_diff.png Graphic file (type png)

<use usefulness_fm_diff.png>
Package pdftex.def Info: usefulness_fm_diff.png used on input line 995.
(pdftex.def)             Requested size: 345.0pt x 258.76335pt.

<usefulness_fm_abil.png, id=404, 462.528pt x 346.896pt>
File: usefulness_fm_abil.png Graphic file (type png)

<use usefulness_fm_abil.png>
Package pdftex.def Info: usefulness_fm_abil.png used on input line 996.
(pdftex.def)             Requested size: 345.0pt x 258.76335pt.

Overfull \hbox (112.238pt too wide) in paragraph at lines 995--997
 []\T1/lmr/bx/n/10 Flashmap con-di-tions[] []
 []

[39]
Overfull \hbox (74.05365pt too wide) in alignment at lines 1001--1006
 [] [] [] [] [] [] [] [] [] [] [] 
 []


Overfull \hbox (74.05365pt too wide) in alignment at lines 1006--1014
 [] [] [] [] [] [] [] [] [] [] [] 
 []

[40 <./usefulness_fm_diff.png> <./usefulness_fm_abil.png>]
<usefulness_gen_diff.png, id=417, 462.528pt x 346.896pt>
File: usefulness_gen_diff.png Graphic file (type png)

<use usefulness_gen_diff.png>
Package pdftex.def Info: usefulness_gen_diff.png used on input line 1016.
(pdftex.def)             Requested size: 345.0pt x 258.76335pt.

<usefulness_gen_abil.png, id=418, 462.528pt x 346.896pt>
File: usefulness_gen_abil.png Graphic file (type png)

<use usefulness_gen_abil.png>
Package pdftex.def Info: usefulness_gen_abil.png used on input line 1017.
(pdftex.def)             Requested size: 345.0pt x 258.76335pt.

Overfull \hbox (114.68256pt too wide) in paragraph at lines 1016--1018
 []\T1/lmr/bx/n/10 Combined con-di-tions[] []
 []

[41]
Overfull \hbox (74.05365pt too wide) in alignment at lines 1024--1029
 [] [] [] [] [] [] [] [] [] [] [] 
 []


Overfull \hbox (74.05365pt too wide) in alignment at lines 1029--1037
 [] [] [] [] [] [] [] [] [] [] [] 
 []

[42 <./usefulness_gen_diff.png> <./usefulness_gen_abil.png>]
<easeofuse_fc_diff.png, id=431, 462.528pt x 346.896pt>
File: easeofuse_fc_diff.png Graphic file (type png)

<use easeofuse_fc_diff.png>
Package pdftex.def Info: easeofuse_fc_diff.png used on input line 1039.
(pdftex.def)             Requested size: 345.0pt x 258.76335pt.

<easeofuse_fc_abil.png, id=432, 462.528pt x 346.896pt>
File: easeofuse_fc_abil.png Graphic file (type png)

<use easeofuse_fc_abil.png>
Package pdftex.def Info: easeofuse_fc_abil.png used on input line 1040.
(pdftex.def)             Requested size: 345.0pt x 258.76335pt.

Overfull \hbox (112.50198pt too wide) in paragraph at lines 1039--1041
 []\T1/lmr/bx/n/10 Flashcard con-di-tions[] []
 []

[43]
Overfull \hbox (74.05365pt too wide) in alignment at lines 1045--1050
 [] [] [] [] [] [] [] [] [] [] [] 
 []


Overfull \hbox (74.05365pt too wide) in alignment at lines 1050--1058
 [] [] [] [] [] [] [] [] [] [] [] 
 []

[44 <./easeofuse_fc_diff.png> <./easeofuse_fc_abil.png>]
<easeofuse_fm_diff.png, id=446, 462.528pt x 346.896pt>
File: easeofuse_fm_diff.png Graphic file (type png)

<use easeofuse_fm_diff.png>
Package pdftex.def Info: easeofuse_fm_diff.png used on input line 1060.
(pdftex.def)             Requested size: 345.0pt x 258.76335pt.

<easeofuse_fm_abil.png, id=447, 462.528pt x 346.896pt>
File: easeofuse_fm_abil.png Graphic file (type png)

<use easeofuse_fm_abil.png>
Package pdftex.def Info: easeofuse_fm_abil.png used on input line 1061.
(pdftex.def)             Requested size: 345.0pt x 258.76335pt.

Overfull \hbox (112.238pt too wide) in paragraph at lines 1060--1062
 []\T1/lmr/bx/n/10 Flashmap con-di-tions[] []
 []

[45]
Overfull \hbox (74.05365pt too wide) in alignment at lines 1066--1071
 [] [] [] [] [] [] [] [] [] [] [] 
 []


Overfull \hbox (74.05365pt too wide) in alignment at lines 1071--1076
 [] [] [] [] [] [] [] [] [] [] [] 
 []

[46 <./easeofuse_fm_diff.png> <./easeofuse_fm_abil.png>]
<easeofuse_gen_diff.png, id=460, 462.528pt x 346.896pt>
File: easeofuse_gen_diff.png Graphic file (type png)

<use easeofuse_gen_diff.png>
Package pdftex.def Info: easeofuse_gen_diff.png used on input line 1078.
(pdftex.def)             Requested size: 345.0pt x 258.76335pt.

<easeofuse_gen_abil.png, id=461, 462.528pt x 346.896pt>
File: easeofuse_gen_abil.png Graphic file (type png)

<use easeofuse_gen_abil.png>
Package pdftex.def Info: easeofuse_gen_abil.png used on input line 1079.
(pdftex.def)             Requested size: 345.0pt x 258.76335pt.

Overfull \hbox (114.68256pt too wide) in paragraph at lines 1078--1080
 []\T1/lmr/bx/n/10 Combined con-di-tions[] []
 []

[47]
Overfull \hbox (74.80106pt too wide) in alignment at lines 1086--1091
 [] [] [] [] [] 
 []


Overfull \hbox (74.80106pt too wide) in alignment at lines 1091--1097
 [] [] [] [] [] 
 []

[48 <./easeofuse_gen_diff.png> <./easeofuse_gen_abil.png>]
<usefulness_diff.png, id=474, 462.528pt x 346.896pt>
File: usefulness_diff.png Graphic file (type png)
 <use usefulness_diff.png>
Package pdftex.def Info: usefulness_diff.png used on input line 1099.
(pdftex.def)             Requested size: 345.0pt x 258.76335pt.

<usefulness_abil.png, id=475, 462.528pt x 346.896pt>
File: usefulness_abil.png Graphic file (type png)
 <use usefulness_abil.png>
Package pdftex.def Info: usefulness_abil.png used on input line 1100.
(pdftex.def)             Requested size: 345.0pt x 258.76335pt.

[49]
Overfull \hbox (74.80106pt too wide) in alignment at lines 1105--1110
 [] [] [] [] [] 
 []


Overfull \hbox (74.80106pt too wide) in alignment at lines 1110--1116
 [] [] [] [] [] 
 []

[50 <./usefulness_diff.png> <./usefulness_abil.png>]
<easeofuse_diff.png, id=488, 462.528pt x 346.896pt>
File: easeofuse_diff.png Graphic file (type png)
 <use easeofuse_diff.png>
Package pdftex.def Info: easeofuse_diff.png used on input line 1118.
(pdftex.def)             Requested size: 345.0pt x 258.76335pt.

<easeofuse_abil.png, id=489, 462.528pt x 346.896pt>
File: easeofuse_abil.png Graphic file (type png)
 <use easeofuse_abil.png>
Package pdftex.def Info: easeofuse_abil.png used on input line 1119.
(pdftex.def)             Requested size: 345.0pt x 258.76335pt.
Package atveryend Info: Empty hook `BeforeClearDocument' on input line 1121.

[51] [52 <./easeofuse_diff.png> <./easeofuse_abil.png>]
Package atveryend Info: Empty hook `AfterLastShipout' on input line 1121.
 (./stats.aux)
Package atveryend Info: Executing hook `AtVeryEndDocument' on input line 1121.
Package atveryend Info: Executing hook `AtEndAfterFileList' on input line 1121.

Package rerunfilecheck Info: File `stats.out' has not changed.
(rerunfilecheck)             Checksum: 1B36BEAECDA368FF2B754230608189AE;3585.
Package atveryend Info: Empty hook `AtVeryVeryEnd' on input line 1121.
 ) 
Here is how much of TeX's memory you used:
 12233 strings out of 493304
 177357 string characters out of 6139871
 281468 words of memory out of 5000000
 15319 multiletter control sequences out of 15000+600000
 29154 words of font info for 41 fonts, out of 8000000 for 9000
 957 hyphenation exceptions out of 8191
 30i,6n,35p,318b,441s stack positions out of 5000i,500n,10000p,200000b,80000s
{/usr/share/texmf/fonts/enc/dvips/lm/lm-mathit.enc}{/usr/share/texmf/fonts/en
c/dvips/lm/lm-ec.enc}</usr/share/texmf/fonts/type1/public/lm/lmbx10.pfb></usr/s
hare/texmf/fonts/type1/public/lm/lmbx12.pfb></usr/share/texmf/fonts/type1/publi
c/lm/lmmi10.pfb></usr/share/texmf/fonts/type1/public/lm/lmr10.pfb>
Output written on stats.pdf (52 pages, 833953 bytes).
PDF statistics:
 554 PDF objects out of 1000 (max. 8388607)
 380 compressed objects within 4 object streams
 148 named destinations out of 1000 (max. 500000)
 8649 words of extra memory for PDF output out of 10000 (max. 10000000)

